<?xml version="1.0" encoding="UTF-8"?>
<!-- Generated by org.testng.reporters.JUnitReportReporter -->
<testsuite hostname="Dinesh" failures="0" tests="2" name="com.automation.testcases.LoginPageTest" time="15.163" errors="0" timestamp="2021-01-17T20:38:43 IST" skipped="0">
  <testcase classname="com.automation.testcases.LoginPageTest" name="LogontoAccount" time="15.144"/>
  <system-out/>
  <testcase classname="com.automation.testcases.LoginPageTest" name="VerifyLoginPagetitle" time="0.019"/>
  <system-out/>
</testsuite> <!-- com.automation.testcases.LoginPageTest -->
