<?xml version="1.0" encoding="UTF-8"?>
<!-- Generated by org.testng.reporters.JUnitReportReporter -->
<testsuite hostname="Dinesh" failures="0" tests="7" name="com.automation.testcases.HomepageTest" time="12.782" errors="0" timestamp="2021-01-17T19:07:45 IST" skipped="0">
  <testcase classname="com.automation.testcases.HomepageTest" name="SuccessfullSubmitNewsletter" time="2.220"/>
  <system-out/>
  <testcase classname="com.automation.testcases.HomepageTest" name="VerifytheLinkText" time="0.069"/>
  <system-out/>
  <testcase classname="com.automation.testcases.HomepageTest" name="UnSuccessfullSubmitNewsletter" time="2.339"/>
  <system-out/>
  <testcase classname="com.automation.testcases.HomepageTest" name="VerifytheLinkTextThree" time="0.072"/>
  <system-out/>
  <testcase classname="com.automation.testcases.HomepageTest" name="VerifythePageTitle" time="0.011"/>
  <system-out/>
  <testcase classname="com.automation.testcases.HomepageTest" name="VerifytheLinkTextTwo" time="0.052"/>
  <system-out/>
  <testcase classname="com.automation.testcases.HomepageTest" name="EnterSigninPage" time="8.019"/>
  <system-out/>
</testsuite> <!-- com.automation.testcases.HomepageTest -->
