<?xml version="1.0" encoding="UTF-8"?>
<!-- Generated by org.testng.reporters.JUnitReportReporter -->
<testsuite hostname="Dinesh" failures="0" tests="1" name="com.automation.testcases.testcases" time="0.022" errors="0" timestamp="2021-01-17T09:10:23 IST" skipped="0">
  <testcase classname="com.automation.testcases.testcases" name="getPagetitle" time="0.022"/>
  <system-out/>
</testsuite> <!-- com.automation.testcases.testcases -->
