<?xml version="1.0" encoding="UTF-8"?>
<!-- Generated by org.testng.reporters.JUnitReportReporter -->
<testsuite hostname="Dinesh" failures="0" tests="1" name="com.automation.testcases.testcases" time="0.013" errors="0" timestamp="2021-01-26T11:15:27 IST" skipped="0">
  <testcase classname="com.automation.testcases.testcases" name="getPagetitle" time="0.013"/>
  <system-out/>
</testsuite> <!-- com.automation.testcases.testcases -->
