<?xml version="1.0" encoding="UTF-8"?>
<!-- Generated by org.testng.reporters.JUnitReportReporter -->
<testsuite hostname="Dinesh" failures="0" tests="2" name="com.automation.testcases.LoginPageTest" time="2.409" errors="0" timestamp="2021-01-18T09:52:22 IST" skipped="0">
  <testcase classname="com.automation.testcases.LoginPageTest" name="VerifyLoginPagetitle" time="0.034"/>
  <system-out/>
  <testcase classname="com.automation.testcases.LoginPageTest" name="LogontoAccount" time="2.375"/>
  <system-out/>
</testsuite> <!-- com.automation.testcases.LoginPageTest -->
