<?xml version="1.0" encoding="UTF-8"?>
<!-- Generated by org.testng.reporters.JUnitReportReporter -->
<testsuite hostname="Dinesh" failures="0" tests="2" name="com.automation.testcases.LoginPageTest" time="7.391" errors="0" timestamp="2021-01-28T13:04:03 IST" skipped="0">
  <testcase classname="com.automation.testcases.LoginPageTest" name="LogontoAccount" time="7.338"/>
  <system-out/>
  <testcase classname="com.automation.testcases.LoginPageTest" name="VerifyLoginPagetitle" time="0.053"/>
  <system-out/>
</testsuite> <!-- com.automation.testcases.LoginPageTest -->
