<?xml version="1.0" encoding="UTF-8"?>
<!-- Generated by org.testng.reporters.JUnitReportReporter -->
<testsuite hostname="Dinesh" failures="0" tests="2" name="com.automation.testcases.LoginPageTest" time="3.147" errors="0" timestamp="2021-01-17T20:58:41 IST" skipped="0">
  <testcase classname="com.automation.testcases.LoginPageTest" name="LogontoAccount" time="3.115"/>
  <system-out/>
  <testcase classname="com.automation.testcases.LoginPageTest" name="VerifyLoginPagetitle" time="0.032"/>
  <system-out/>
</testsuite> <!-- com.automation.testcases.LoginPageTest -->
